 * Serving Flask app 'main'
 * Debug mode: on
WARNING: This is a development server. Do not use it in a production deployment. Use a production WSGI server instead.
 * Running on all addresses (0.0.0.0)
 * Running on http://127.0.0.1:9090
 * Running on http://172.31.52.243:9090
Press CTRL+C to quit
 * Restarting with stat
 * Debugger is active!
 * Debugger PIN: 799-890-920
119.194.163.123 - - [12/Nov/2022 13:01:43] "POST / HTTP/1.1" 200 -
119.194.163.123 - - [12/Nov/2022 13:01:51] "POST / HTTP/1.1" 200 -
119.194.163.123 - - [12/Nov/2022 13:01:54] "POST / HTTP/1.1" 200 -
 * Serving Flask app 'main'
 * Debug mode: on
Address already in use
Port 9090 is in use by another program. Either identify and stop that program, or start the server with a different port.
 * Detected change in '/home/ubuntu/workspace/YAHO/Flask/main.py', reloading
string indices must be integers
string indices must be integers
string indices must be integers
 * Restarting with stat
 * Debugger is active!
 * Debugger PIN: 799-890-920
 * Serving Flask app 'main'
 * Debug mode: on
119.194.163.123 - - [12/Nov/2022 13:07:27] "POST / HTTP/1.1" 200 -
Address already in use
Port 9090 is in use by another program. Either identify and stop that program, or start the server with a different port.
 * Detected change in '/home/ubuntu/workspace/YAHO/Flask/main.py', reloading
 * Restarting with stat
 * Debugger is active!
 * Debugger PIN: 799-890-920
 * Serving Flask app 'main'
 * Debug mode: on
Address already in use
Port 9090 is in use by another program. Either identify and stop that program, or start the server with a different port.
119.194.163.123 - - [12/Nov/2022 13:15:41] "POST / HTTP/1.1" 200 -
 * Serving Flask app 'main'
 * Debug mode: on
Address already in use
Port 9090 is in use by another program. Either identify and stop that program, or start the server with a different port.
 * Detected change in '/home/ubuntu/workspace/YAHO/Flask/main.py', reloading
'module' object is not callable
 * Restarting with stat
 * Debugger is active!
 * Debugger PIN: 799-890-920
 * Detected change in '/home/ubuntu/workspace/YAHO/Flask/main.py', reloading
 * Restarting with stat
 * Debugger is active!
 * Debugger PIN: 799-890-920
 * Detected change in '/home/ubuntu/workspace/YAHO/Flask/main.py', reloading
 * Restarting with stat
 * Debugger is active!
 * Debugger PIN: 799-890-920
